<?xml version="1.0" encoding="UTF-8"?>
<testng-results skipped="0" failed="1" total="3" passed="2">
  <reporter-output>
  </reporter-output>
  <suite name="com.qait.automation.TestAdvanceTATOC.AdvanceTatocTest" duration-ms="2867" started-at="2018-07-03T08:18:19Z" finished-at="2018-07-03T08:18:22Z">
    <groups>
    </groups>
    <test name="Command line test" duration-ms="2867" started-at="2018-07-03T08:18:19Z" finished-at="2018-07-03T08:18:22Z">
      <class name="com.qait.automation.TestAdvanceTATOC.AdvanceTatocTest">
        <test-method status="PASS" signature="init()[pri:0, instance:com.qait.automation.TestAdvanceTATOC.AdvanceTatocTest@566776ad]" name="init" is-config="true" duration-ms="992" started-at="2018-07-03T13:48:19Z" finished-at="2018-07-03T13:48:20Z">
          <reporter-output>
          </reporter-output>
        </test-method> <!-- init -->
        <test-method status="PASS" signature="testHomePageAppears()[pri:0, instance:com.qait.automation.TestAdvanceTATOC.AdvanceTatocTest@566776ad]" name="testHomePageAppears" duration-ms="1385" started-at="2018-07-03T13:48:20Z" finished-at="2018-07-03T13:48:21Z">
          <reporter-output>
          </reporter-output>
        </test-method> <!-- testHomePageAppears -->
        <test-method status="PASS" signature="verifyAdvanceCourseOpens()[pri:0, instance:com.qait.automation.TestAdvanceTATOC.AdvanceTatocTest@566776ad]" name="verifyAdvanceCourseOpens" duration-ms="136" started-at="2018-07-03T13:48:21Z" depends-on-methods="com.qait.automation.TestAdvanceTATOC.AdvanceTatocTest.testHomePageAppears" finished-at="2018-07-03T13:48:22Z">
          <reporter-output>
          </reporter-output>
        </test-method> <!-- verifyAdvanceCourseOpens -->
        <test-method status="FAIL" signature="checkHoverActionPerforms()[pri:0, instance:com.qait.automation.TestAdvanceTATOC.AdvanceTatocTest@566776ad]" name="checkHoverActionPerforms" duration-ms="343" started-at="2018-07-03T13:48:22Z" depends-on-methods="com.qait.automation.TestAdvanceTATOC.AdvanceTatocTest.verifyAdvanceCourseOpens" finished-at="2018-07-03T13:48:22Z">
          <exception class="org.openqa.selenium.WebDriverException">
            <message>
              <![CDATA[java.io.IOException: unexpected end of stream on Connection{localhost:14690, proxy=DIRECT hostAddress=localhost/127.0.0.1:14690 cipherSuite=none protocol=http/1.1}
Build info: version: '3.12.0', revision: '7c6e0b3', time: '2018-05-08T14:04:26.12Z'
System info: host: 'asda0019', ip: '127.0.1.1', os.name: 'Linux', os.arch: 'amd64', os.version: '4.4.0-128-generic', java.version: '1.8.0_171'
Driver info: driver.version: RemoteWebDriver]]>
            </message>
            <full-stacktrace>
              <![CDATA[org.openqa.selenium.WebDriverException: java.io.IOException: unexpected end of stream on Connection{localhost:14690, proxy=DIRECT hostAddress=localhost/127.0.0.1:14690 cipherSuite=none protocol=http/1.1}
Build info: version: '3.12.0', revision: '7c6e0b3', time: '2018-05-08T14:04:26.12Z'
System info: host: 'asda0019', ip: '127.0.1.1', os.name: 'Linux', os.arch: 'amd64', os.version: '4.4.0-128-generic', java.version: '1.8.0_171'
Driver info: driver.version: RemoteWebDriver
	at org.openqa.selenium.remote.service.DriverCommandExecutor.execute(DriverCommandExecutor.java:92)
	at org.openqa.selenium.remote.RemoteWebDriver.execute(RemoteWebDriver.java:543)
	at org.openqa.selenium.remote.RemoteWebElement.execute(RemoteWebElement.java:276)
	at org.openqa.selenium.remote.RemoteWebElement.click(RemoteWebElement.java:83)
	at com.qait.automation.TestAdvanceTATOC.HoverMenuAction.testHoverActionPerforms(HoverMenuAction.java:45)
	at com.qait.automation.TestAdvanceTATOC.AdvanceTatocTest.checkHoverActionPerforms(AdvanceTatocTest.java:33)
	at sun.reflect.NativeMethodAccessorImpl.invoke0(Native Method)
	at sun.reflect.NativeMethodAccessorImpl.invoke(NativeMethodAccessorImpl.java:62)
	at sun.reflect.DelegatingMethodAccessorImpl.invoke(DelegatingMethodAccessorImpl.java:43)
	at java.lang.reflect.Method.invoke(Method.java:498)
	at org.testng.internal.MethodInvocationHelper.invokeMethod(MethodInvocationHelper.java:80)
	at org.testng.internal.Invoker.invokeMethod(Invoker.java:714)
	at org.testng.internal.Invoker.invokeTestMethod(Invoker.java:901)
	at org.testng.internal.Invoker.invokeTestMethods(Invoker.java:1231)
	at org.testng.internal.TestMethodWorker.invokeTestMethods(TestMethodWorker.java:127)
	at org.testng.internal.TestMethodWorker.run(TestMethodWorker.java:111)
	at org.testng.TestRunner.privateRun(TestRunner.java:767)
	at org.testng.TestRunner.run(TestRunner.java:617)
	at org.testng.SuiteRunner.runTest(SuiteRunner.java:334)
	at org.testng.SuiteRunner.runSequentially(SuiteRunner.java:329)
	at org.testng.SuiteRunner.privateRun(SuiteRunner.java:291)
	at org.testng.SuiteRunner.run(SuiteRunner.java:240)
	at org.testng.SuiteRunnerWorker.runSuite(SuiteRunnerWorker.java:52)
	at org.testng.SuiteRunnerWorker.run(SuiteRunnerWorker.java:86)
	at org.testng.TestNG.runSuitesSequentially(TestNG.java:1198)
	at org.testng.TestNG.runSuitesLocally(TestNG.java:1123)
	at org.testng.TestNG.run(TestNG.java:1031)
	at org.apache.maven.surefire.testng.TestNGExecutor.run(TestNGExecutor.java:77)
	at org.apache.maven.surefire.testng.TestNGDirectoryTestSuite.execute(TestNGDirectoryTestSuite.java:110)
	at org.apache.maven.surefire.testng.TestNGProvider.invoke(TestNGProvider.java:106)
	at sun.reflect.NativeMethodAccessorImpl.invoke0(Native Method)
	at sun.reflect.NativeMethodAccessorImpl.invoke(NativeMethodAccessorImpl.java:62)
	at sun.reflect.DelegatingMethodAccessorImpl.invoke(DelegatingMethodAccessorImpl.java:43)
	at java.lang.reflect.Method.invoke(Method.java:498)
	at org.apache.maven.surefire.util.ReflectionUtils.invokeMethodWithArray(ReflectionUtils.java:189)
	at org.apache.maven.surefire.booter.ProviderFactory$ProviderProxy.invoke(ProviderFactory.java:165)
	at org.apache.maven.surefire.booter.ProviderFactory.invokeProvider(ProviderFactory.java:85)
	at org.apache.maven.surefire.booter.ForkedBooter.runSuitesInProcess(ForkedBooter.java:115)
	at org.apache.maven.surefire.booter.ForkedBooter.main(ForkedBooter.java:75)
Caused by: java.io.IOException: unexpected end of stream on Connection{localhost:14690, proxy=DIRECT hostAddress=localhost/127.0.0.1:14690 cipherSuite=none protocol=http/1.1}
	at okhttp3.internal.http1.Http1Codec.readResponseHeaders(Http1Codec.java:205)
	at okhttp3.internal.http.CallServerInterceptor.intercept(CallServerInterceptor.java:88)
	at okhttp3.internal.http.RealInterceptorChain.proceed(RealInterceptorChain.java:147)
	at okhttp3.internal.connection.ConnectInterceptor.intercept(ConnectInterceptor.java:45)
	at okhttp3.internal.http.RealInterceptorChain.proceed(RealInterceptorChain.java:147)
	at okhttp3.internal.http.RealInterceptorChain.proceed(RealInterceptorChain.java:121)
	at okhttp3.internal.cache.CacheInterceptor.intercept(CacheInterceptor.java:93)
	at okhttp3.internal.http.RealInterceptorChain.proceed(RealInterceptorChain.java:147)
	at okhttp3.internal.http.RealInterceptorChain.proceed(RealInterceptorChain.java:121)
	at okhttp3.internal.http.BridgeInterceptor.intercept(BridgeInterceptor.java:93)
	at okhttp3.internal.http.RealInterceptorChain.proceed(RealInterceptorChain.java:147)
	at okhttp3.internal.http.RetryAndFollowUpInterceptor.intercept(RetryAndFollowUpInterceptor.java:125)
	at okhttp3.internal.http.RealInterceptorChain.proceed(RealInterceptorChain.java:147)
	at okhttp3.internal.http.RealInterceptorChain.proceed(RealInterceptorChain.java:121)
	at okhttp3.RealCall.getResponseWithInterceptorChain(RealCall.java:200)
	at okhttp3.RealCall.execute(RealCall.java:77)
	at org.openqa.selenium.remote.internal.OkHttpClient.execute(OkHttpClient.java:105)
	at org.openqa.selenium.remote.HttpCommandExecutor.execute(HttpCommandExecutor.java:155)
	at org.openqa.selenium.remote.service.DriverCommandExecutor.execute(DriverCommandExecutor.java:83)
	... 38 more
Caused by: java.io.EOFException: \n not found: limit=0 content=â€¦
	at okio.RealBufferedSource.readUtf8LineStrict(RealBufferedSource.java:227)
	at okhttp3.internal.http1.Http1Codec.readHeaderLine(Http1Codec.java:212)
	at okhttp3.internal.http1.Http1Codec.readResponseHeaders(Http1Codec.java:189)
	... 56 more
]]>
            </full-stacktrace>
          </exception> <!-- org.openqa.selenium.WebDriverException -->
          <reporter-output>
          </reporter-output>
        </test-method> <!-- checkHoverActionPerforms -->
      </class> <!-- com.qait.automation.TestAdvanceTATOC.AdvanceTatocTest -->
    </test> <!-- Command line test -->
  </suite> <!-- com.qait.automation.TestAdvanceTATOC.AdvanceTatocTest -->
</testng-results>
